-------------------------------------------------------------------------------
Test set: com.bgbus.tracker.userservice.bdd.CukesRestTest
-------------------------------------------------------------------------------
Tests run: 6, Failures: 4, Errors: 2, Skipped: 0, Time elapsed: 3.915 s <<< FAILURE! -- in com.bgbus.tracker.userservice.bdd.CukesRestTest
Feature: Tests the Chenile Workflow Service using a REST client. Userservice service exists and is under test..Test create userservice -- Time elapsed: 0.261 s <<< ERROR!
java.lang.ExceptionInInitializerError
	at org.chenile.cucumber.security.rest.RestCukesSecSteps.before(RestCukesSecSteps.java:34)
	at java.base/java.lang.reflect.Method.invoke(Method.java:580)
	at cucumber.runtime.Utils$1.call(Utils.java:26)
	at cucumber.runtime.Timeout.timeout(Timeout.java:16)
	at cucumber.runtime.Utils.invoke(Utils.java:20)
	at cucumber.runtime.java.JavaHookDefinition.execute(JavaHookDefinition.java:60)
	at cucumber.runner.HookDefinitionMatch.runStep(HookDefinitionMatch.java:16)
	at cucumber.runner.TestStep.executeStep(TestStep.java:65)
	at cucumber.runner.TestStep.run(TestStep.java:50)
	at cucumber.runner.TestCase.run(TestCase.java:42)
	at cucumber.runner.Runner.runPickle(Runner.java:49)
	at cucumber.runtime.junit.PickleRunners$NoStepDescriptions.run(PickleRunners.java:146)
	at cucumber.runtime.junit.FeatureRunner.runChild(FeatureRunner.java:68)
	at cucumber.runtime.junit.FeatureRunner.runChild(FeatureRunner.java:23)
	at cucumber.runtime.junit.FeatureRunner.run(FeatureRunner.java:73)
	at cucumber.api.junit.Cucumber.runChild(Cucumber.java:123)
	at cucumber.api.junit.Cucumber.runChild(Cucumber.java:65)
	at cucumber.api.junit.Cucumber$RunCucumber.evaluate(Cucumber.java:147)
Caused by: org.testcontainers.containers.ContainerFetchException: Can't get Docker image: RemoteDockerImage(imageName=quay.io/keycloak/keycloak:25.0, imagePullPolicy=DefaultPullPolicy(), imageNameSubstitutor=org.testcontainers.utility.ImageNameSubstitutor$LogWrappedImageNameSubstitutor@7d3879ed)
	at org.testcontainers.containers.GenericContainer.getDockerImageName(GenericContainer.java:1364)
	at org.testcontainers.containers.GenericContainer.logger(GenericContainer.java:671)
	at dasniko.testcontainers.keycloak.ExtendableKeycloakContainer.<init>(ExtendableKeycloakContainer.java:138)
	at dasniko.testcontainers.keycloak.ExtendableKeycloakContainer.<init>(ExtendableKeycloakContainer.java:126)
	at dasniko.testcontainers.keycloak.KeycloakContainer.<init>(KeycloakContainer.java:24)
	at org.chenile.security.test.BaseSecurityTest.<clinit>(BaseSecurityTest.java:51)
	... 18 more
Caused by: java.lang.IllegalStateException: Could not find a valid Docker environment. Please see logs and check configuration
	at org.testcontainers.dockerclient.DockerClientProviderStrategy.lambda$getFirstValidStrategy$7(DockerClientProviderStrategy.java:277)
	at java.base/java.util.Optional.orElseThrow(Optional.java:403)
	at org.testcontainers.dockerclient.DockerClientProviderStrategy.getFirstValidStrategy(DockerClientProviderStrategy.java:268)
	at org.testcontainers.DockerClientFactory.getOrInitializeStrategy(DockerClientFactory.java:152)
	at org.testcontainers.DockerClientFactory.client(DockerClientFactory.java:194)
	at org.testcontainers.images.LocalImagesCache.get(LocalImagesCache.java:31)
	at org.testcontainers.images.AbstractImagePullPolicy.shouldPull(AbstractImagePullPolicy.java:18)
	at org.testcontainers.images.RemoteDockerImage.resolve(RemoteDockerImage.java:70)
	at org.testcontainers.images.RemoteDockerImage.resolve(RemoteDockerImage.java:28)
	at org.testcontainers.utility.LazyFuture.getResolvedValue(LazyFuture.java:20)
	at org.testcontainers.utility.LazyFuture.get(LazyFuture.java:41)
	at org.testcontainers.containers.GenericContainer.getDockerImageName(GenericContainer.java:1362)
	... 23 more

Feature: Tests the Chenile Workflow Service using a REST client. Userservice service exists and is under test..Retrieve the userservice that just got created -- Time elapsed: 0 s <<< ERROR!
java.lang.NoClassDefFoundError: Could not initialize class org.chenile.security.test.BaseSecurityTest
	at org.chenile.cucumber.security.rest.RestCukesSecSteps.before(RestCukesSecSteps.java:34)
	at java.base/java.lang.reflect.Method.invoke(Method.java:580)
	at cucumber.runtime.Utils$1.call(Utils.java:26)
	at cucumber.runtime.Timeout.timeout(Timeout.java:16)
	at cucumber.runtime.Utils.invoke(Utils.java:20)
	at cucumber.runtime.java.JavaHookDefinition.execute(JavaHookDefinition.java:60)
	at cucumber.runner.HookDefinitionMatch.runStep(HookDefinitionMatch.java:16)
	at cucumber.runner.TestStep.executeStep(TestStep.java:65)
	at cucumber.runner.TestStep.run(TestStep.java:50)
	at cucumber.runner.TestCase.run(TestCase.java:42)
	at cucumber.runner.Runner.runPickle(Runner.java:49)
	at cucumber.runtime.junit.PickleRunners$NoStepDescriptions.run(PickleRunners.java:146)
	at cucumber.runtime.junit.FeatureRunner.runChild(FeatureRunner.java:68)
	at cucumber.runtime.junit.FeatureRunner.runChild(FeatureRunner.java:23)
	at cucumber.runtime.junit.FeatureRunner.run(FeatureRunner.java:73)
	at cucumber.api.junit.Cucumber.runChild(Cucumber.java:123)
	at cucumber.api.junit.Cucumber.runChild(Cucumber.java:65)
	at cucumber.api.junit.Cucumber$RunCucumber.evaluate(Cucumber.java:147)
Caused by: java.lang.ExceptionInInitializerError: Exception org.testcontainers.containers.ContainerFetchException: Can't get Docker image: RemoteDockerImage(imageName=quay.io/keycloak/keycloak:25.0, imagePullPolicy=DefaultPullPolicy(), imageNameSubstitutor=org.testcontainers.utility.ImageNameSubstitutor$LogWrappedImageNameSubstitutor@7d3879ed) [in thread "main"]
	at org.testcontainers.containers.GenericContainer.getDockerImageName(GenericContainer.java:1364)
	at org.testcontainers.containers.GenericContainer.logger(GenericContainer.java:671)
	at dasniko.testcontainers.keycloak.ExtendableKeycloakContainer.<init>(ExtendableKeycloakContainer.java:138)
	at dasniko.testcontainers.keycloak.ExtendableKeycloakContainer.<init>(ExtendableKeycloakContainer.java:126)
	at dasniko.testcontainers.keycloak.KeycloakContainer.<init>(KeycloakContainer.java:24)
	at org.chenile.security.test.BaseSecurityTest.<clinit>(BaseSecurityTest.java:51)
	... 18 more

Feature: Tests the Chenile Workflow Service using a REST client. Userservice service exists and is under test..Assign the userservice to an assignee with comments -- Time elapsed: 0.001 s <<< FAILURE!
org.opentest4j.MultipleFailuresError: 
Multiple Failures (2 failures)
	java.lang.NoClassDefFoundError: Could not initialize class org.chenile.security.test.BaseSecurityTest
	cucumber.runtime.junit.UndefinedThrowable: The step "I PATCH a REST request to URL "/userservice/${id}/assign" with payload" is undefined
	at cucumber.runtime.junit.JUnitReporter$EachTestNotifier.fireTestFinished(JUnitReporter.java:252)
	at cucumber.runtime.junit.JUnitReporter.handleTestCaseResult(JUnitReporter.java:177)
	at cucumber.runtime.junit.JUnitReporter$4.receive(JUnitReporter.java:65)
	at cucumber.runtime.junit.JUnitReporter$4.receive(JUnitReporter.java:61)
	at cucumber.runner.AbstractEventPublisher.send(AbstractEventPublisher.java:45)
	at cucumber.runner.AbstractEventBus.send(AbstractEventBus.java:9)
	at cucumber.runner.ThreadLocalRunnerSupplier$LocalEventBus.send(ThreadLocalRunnerSupplier.java:60)
	at cucumber.runner.TestCase.run(TestCase.java:55)
	at cucumber.runner.Runner.runPickle(Runner.java:49)
	at cucumber.runtime.junit.PickleRunners$NoStepDescriptions.run(PickleRunners.java:146)
	at cucumber.runtime.junit.FeatureRunner.runChild(FeatureRunner.java:68)
	at cucumber.runtime.junit.FeatureRunner.runChild(FeatureRunner.java:23)
	at cucumber.runtime.junit.FeatureRunner.run(FeatureRunner.java:73)
	at cucumber.api.junit.Cucumber.runChild(Cucumber.java:123)
	at cucumber.api.junit.Cucumber.runChild(Cucumber.java:65)
	at cucumber.api.junit.Cucumber$RunCucumber.evaluate(Cucumber.java:147)
	Suppressed: java.lang.NoClassDefFoundError: Could not initialize class org.chenile.security.test.BaseSecurityTest
		at org.chenile.cucumber.security.rest.RestCukesSecSteps.before(RestCukesSecSteps.java:34)
		at java.base/java.lang.reflect.Method.invoke(Method.java:580)
		at cucumber.runtime.Utils$1.call(Utils.java:26)
		at cucumber.runtime.Timeout.timeout(Timeout.java:16)
		at cucumber.runtime.Utils.invoke(Utils.java:20)
		at cucumber.runtime.java.JavaHookDefinition.execute(JavaHookDefinition.java:60)
		at cucumber.runner.HookDefinitionMatch.runStep(HookDefinitionMatch.java:16)
		at cucumber.runner.TestStep.executeStep(TestStep.java:65)
		at cucumber.runner.TestStep.run(TestStep.java:50)
		at cucumber.runner.TestCase.run(TestCase.java:42)
		... 8 more
	Caused by: java.lang.ExceptionInInitializerError: Exception org.testcontainers.containers.ContainerFetchException: Can't get Docker image: RemoteDockerImage(imageName=quay.io/keycloak/keycloak:25.0, imagePullPolicy=DefaultPullPolicy(), imageNameSubstitutor=org.testcontainers.utility.ImageNameSubstitutor$LogWrappedImageNameSubstitutor@7d3879ed) [in thread "main"]
		at org.testcontainers.containers.GenericContainer.getDockerImageName(GenericContainer.java:1364)
		at org.testcontainers.containers.GenericContainer.logger(GenericContainer.java:671)
		at dasniko.testcontainers.keycloak.ExtendableKeycloakContainer.<init>(ExtendableKeycloakContainer.java:138)
		at dasniko.testcontainers.keycloak.ExtendableKeycloakContainer.<init>(ExtendableKeycloakContainer.java:126)
		at dasniko.testcontainers.keycloak.KeycloakContainer.<init>(KeycloakContainer.java:24)
		at org.chenile.security.test.BaseSecurityTest.<clinit>(BaseSecurityTest.java:51)
		... 18 more
	Suppressed: cucumber.runtime.junit.UndefinedThrowable: The step "I PATCH a REST request to URL "/userservice/${id}/assign" with payload" is undefined

Feature: Tests the Chenile Workflow Service using a REST client. Userservice service exists and is under test..Resolve the userservice with comments -- Time elapsed: 0.001 s <<< FAILURE!
org.opentest4j.MultipleFailuresError: 
Multiple Failures (2 failures)
	java.lang.NoClassDefFoundError: Could not initialize class org.chenile.security.test.BaseSecurityTest
	cucumber.runtime.junit.UndefinedThrowable: The step "I PATCH a REST request to URL "/userservice/${id}/resolve" with payload" is undefined
	at cucumber.runtime.junit.JUnitReporter$EachTestNotifier.fireTestFinished(JUnitReporter.java:252)
	at cucumber.runtime.junit.JUnitReporter.handleTestCaseResult(JUnitReporter.java:177)
	at cucumber.runtime.junit.JUnitReporter$4.receive(JUnitReporter.java:65)
	at cucumber.runtime.junit.JUnitReporter$4.receive(JUnitReporter.java:61)
	at cucumber.runner.AbstractEventPublisher.send(AbstractEventPublisher.java:45)
	at cucumber.runner.AbstractEventBus.send(AbstractEventBus.java:9)
	at cucumber.runner.ThreadLocalRunnerSupplier$LocalEventBus.send(ThreadLocalRunnerSupplier.java:60)
	at cucumber.runner.TestCase.run(TestCase.java:55)
	at cucumber.runner.Runner.runPickle(Runner.java:49)
	at cucumber.runtime.junit.PickleRunners$NoStepDescriptions.run(PickleRunners.java:146)
	at cucumber.runtime.junit.FeatureRunner.runChild(FeatureRunner.java:68)
	at cucumber.runtime.junit.FeatureRunner.runChild(FeatureRunner.java:23)
	at cucumber.runtime.junit.FeatureRunner.run(FeatureRunner.java:73)
	at cucumber.api.junit.Cucumber.runChild(Cucumber.java:123)
	at cucumber.api.junit.Cucumber.runChild(Cucumber.java:65)
	at cucumber.api.junit.Cucumber$RunCucumber.evaluate(Cucumber.java:147)
	Suppressed: java.lang.NoClassDefFoundError: Could not initialize class org.chenile.security.test.BaseSecurityTest
		at org.chenile.cucumber.security.rest.RestCukesSecSteps.before(RestCukesSecSteps.java:34)
		at java.base/java.lang.reflect.Method.invoke(Method.java:580)
		at cucumber.runtime.Utils$1.call(Utils.java:26)
		at cucumber.runtime.Timeout.timeout(Timeout.java:16)
		at cucumber.runtime.Utils.invoke(Utils.java:20)
		at cucumber.runtime.java.JavaHookDefinition.execute(JavaHookDefinition.java:60)
		at cucumber.runner.HookDefinitionMatch.runStep(HookDefinitionMatch.java:16)
		at cucumber.runner.TestStep.executeStep(TestStep.java:65)
		at cucumber.runner.TestStep.run(TestStep.java:50)
		at cucumber.runner.TestCase.run(TestCase.java:42)
		... 8 more
	Caused by: java.lang.ExceptionInInitializerError: Exception org.testcontainers.containers.ContainerFetchException: Can't get Docker image: RemoteDockerImage(imageName=quay.io/keycloak/keycloak:25.0, imagePullPolicy=DefaultPullPolicy(), imageNameSubstitutor=org.testcontainers.utility.ImageNameSubstitutor$LogWrappedImageNameSubstitutor@7d3879ed) [in thread "main"]
		at org.testcontainers.containers.GenericContainer.getDockerImageName(GenericContainer.java:1364)
		at org.testcontainers.containers.GenericContainer.logger(GenericContainer.java:671)
		at dasniko.testcontainers.keycloak.ExtendableKeycloakContainer.<init>(ExtendableKeycloakContainer.java:138)
		at dasniko.testcontainers.keycloak.ExtendableKeycloakContainer.<init>(ExtendableKeycloakContainer.java:126)
		at dasniko.testcontainers.keycloak.KeycloakContainer.<init>(KeycloakContainer.java:24)
		at org.chenile.security.test.BaseSecurityTest.<clinit>(BaseSecurityTest.java:51)
		... 18 more
	Suppressed: cucumber.runtime.junit.UndefinedThrowable: The step "I PATCH a REST request to URL "/userservice/${id}/resolve" with payload" is undefined

Feature: Tests the Chenile Workflow Service using a REST client. Userservice service exists and is under test..Close the userservice with comments -- Time elapsed: 0.001 s <<< FAILURE!
org.opentest4j.MultipleFailuresError: 
Multiple Failures (2 failures)
	java.lang.NoClassDefFoundError: Could not initialize class org.chenile.security.test.BaseSecurityTest
	cucumber.runtime.junit.UndefinedThrowable: The step "I PATCH a REST request to URL "/userservice/${id}/close" with payload" is undefined
	at cucumber.runtime.junit.JUnitReporter$EachTestNotifier.fireTestFinished(JUnitReporter.java:252)
	at cucumber.runtime.junit.JUnitReporter.handleTestCaseResult(JUnitReporter.java:177)
	at cucumber.runtime.junit.JUnitReporter$4.receive(JUnitReporter.java:65)
	at cucumber.runtime.junit.JUnitReporter$4.receive(JUnitReporter.java:61)
	at cucumber.runner.AbstractEventPublisher.send(AbstractEventPublisher.java:45)
	at cucumber.runner.AbstractEventBus.send(AbstractEventBus.java:9)
	at cucumber.runner.ThreadLocalRunnerSupplier$LocalEventBus.send(ThreadLocalRunnerSupplier.java:60)
	at cucumber.runner.TestCase.run(TestCase.java:55)
	at cucumber.runner.Runner.runPickle(Runner.java:49)
	at cucumber.runtime.junit.PickleRunners$NoStepDescriptions.run(PickleRunners.java:146)
	at cucumber.runtime.junit.FeatureRunner.runChild(FeatureRunner.java:68)
	at cucumber.runtime.junit.FeatureRunner.runChild(FeatureRunner.java:23)
	at cucumber.runtime.junit.FeatureRunner.run(FeatureRunner.java:73)
	at cucumber.api.junit.Cucumber.runChild(Cucumber.java:123)
	at cucumber.api.junit.Cucumber.runChild(Cucumber.java:65)
	at cucumber.api.junit.Cucumber$RunCucumber.evaluate(Cucumber.java:147)
	Suppressed: java.lang.NoClassDefFoundError: Could not initialize class org.chenile.security.test.BaseSecurityTest
		at org.chenile.cucumber.security.rest.RestCukesSecSteps.before(RestCukesSecSteps.java:34)
		at java.base/java.lang.reflect.Method.invoke(Method.java:580)
		at cucumber.runtime.Utils$1.call(Utils.java:26)
		at cucumber.runtime.Timeout.timeout(Timeout.java:16)
		at cucumber.runtime.Utils.invoke(Utils.java:20)
		at cucumber.runtime.java.JavaHookDefinition.execute(JavaHookDefinition.java:60)
		at cucumber.runner.HookDefinitionMatch.runStep(HookDefinitionMatch.java:16)
		at cucumber.runner.TestStep.executeStep(TestStep.java:65)
		at cucumber.runner.TestStep.run(TestStep.java:50)
		at cucumber.runner.TestCase.run(TestCase.java:42)
		... 8 more
	Caused by: java.lang.ExceptionInInitializerError: Exception org.testcontainers.containers.ContainerFetchException: Can't get Docker image: RemoteDockerImage(imageName=quay.io/keycloak/keycloak:25.0, imagePullPolicy=DefaultPullPolicy(), imageNameSubstitutor=org.testcontainers.utility.ImageNameSubstitutor$LogWrappedImageNameSubstitutor@7d3879ed) [in thread "main"]
		at org.testcontainers.containers.GenericContainer.getDockerImageName(GenericContainer.java:1364)
		at org.testcontainers.containers.GenericContainer.logger(GenericContainer.java:671)
		at dasniko.testcontainers.keycloak.ExtendableKeycloakContainer.<init>(ExtendableKeycloakContainer.java:138)
		at dasniko.testcontainers.keycloak.ExtendableKeycloakContainer.<init>(ExtendableKeycloakContainer.java:126)
		at dasniko.testcontainers.keycloak.KeycloakContainer.<init>(KeycloakContainer.java:24)
		at org.chenile.security.test.BaseSecurityTest.<clinit>(BaseSecurityTest.java:51)
		... 18 more
	Suppressed: cucumber.runtime.junit.UndefinedThrowable: The step "I PATCH a REST request to URL "/userservice/${id}/close" with payload" is undefined

Feature: Tests the Chenile Workflow Service using a REST client. Userservice service exists and is under test..Assign a closed userservice to someone. This will err out. -- Time elapsed: 0 s <<< FAILURE!
org.opentest4j.MultipleFailuresError: 
Multiple Failures (2 failures)
	java.lang.NoClassDefFoundError: Could not initialize class org.chenile.security.test.BaseSecurityTest
	cucumber.runtime.junit.UndefinedThrowable: The step "I PATCH a REST request to URL "/userservice/${id}/assign" with payload" is undefined
	at cucumber.runtime.junit.JUnitReporter$EachTestNotifier.fireTestFinished(JUnitReporter.java:252)
	at cucumber.runtime.junit.JUnitReporter.handleTestCaseResult(JUnitReporter.java:177)
	at cucumber.runtime.junit.JUnitReporter$4.receive(JUnitReporter.java:65)
	at cucumber.runtime.junit.JUnitReporter$4.receive(JUnitReporter.java:61)
	at cucumber.runner.AbstractEventPublisher.send(AbstractEventPublisher.java:45)
	at cucumber.runner.AbstractEventBus.send(AbstractEventBus.java:9)
	at cucumber.runner.ThreadLocalRunnerSupplier$LocalEventBus.send(ThreadLocalRunnerSupplier.java:60)
	at cucumber.runner.TestCase.run(TestCase.java:55)
	at cucumber.runner.Runner.runPickle(Runner.java:49)
	at cucumber.runtime.junit.PickleRunners$NoStepDescriptions.run(PickleRunners.java:146)
	at cucumber.runtime.junit.FeatureRunner.runChild(FeatureRunner.java:68)
	at cucumber.runtime.junit.FeatureRunner.runChild(FeatureRunner.java:23)
	at cucumber.runtime.junit.FeatureRunner.run(FeatureRunner.java:73)
	at cucumber.api.junit.Cucumber.runChild(Cucumber.java:123)
	at cucumber.api.junit.Cucumber.runChild(Cucumber.java:65)
	at cucumber.api.junit.Cucumber$RunCucumber.evaluate(Cucumber.java:147)
	Suppressed: java.lang.NoClassDefFoundError: Could not initialize class org.chenile.security.test.BaseSecurityTest
		at org.chenile.cucumber.security.rest.RestCukesSecSteps.before(RestCukesSecSteps.java:34)
		at java.base/java.lang.reflect.Method.invoke(Method.java:580)
		at cucumber.runtime.Utils$1.call(Utils.java:26)
		at cucumber.runtime.Timeout.timeout(Timeout.java:16)
		at cucumber.runtime.Utils.invoke(Utils.java:20)
		at cucumber.runtime.java.JavaHookDefinition.execute(JavaHookDefinition.java:60)
		at cucumber.runner.HookDefinitionMatch.runStep(HookDefinitionMatch.java:16)
		at cucumber.runner.TestStep.executeStep(TestStep.java:65)
		at cucumber.runner.TestStep.run(TestStep.java:50)
		at cucumber.runner.TestCase.run(TestCase.java:42)
		... 8 more
	Caused by: java.lang.ExceptionInInitializerError: Exception org.testcontainers.containers.ContainerFetchException: Can't get Docker image: RemoteDockerImage(imageName=quay.io/keycloak/keycloak:25.0, imagePullPolicy=DefaultPullPolicy(), imageNameSubstitutor=org.testcontainers.utility.ImageNameSubstitutor$LogWrappedImageNameSubstitutor@7d3879ed) [in thread "main"]
		at org.testcontainers.containers.GenericContainer.getDockerImageName(GenericContainer.java:1364)
		at org.testcontainers.containers.GenericContainer.logger(GenericContainer.java:671)
		at dasniko.testcontainers.keycloak.ExtendableKeycloakContainer.<init>(ExtendableKeycloakContainer.java:138)
		at dasniko.testcontainers.keycloak.ExtendableKeycloakContainer.<init>(ExtendableKeycloakContainer.java:126)
		at dasniko.testcontainers.keycloak.KeycloakContainer.<init>(KeycloakContainer.java:24)
		at org.chenile.security.test.BaseSecurityTest.<clinit>(BaseSecurityTest.java:51)
		... 18 more
	Suppressed: cucumber.runtime.junit.UndefinedThrowable: The step "I PATCH a REST request to URL "/userservice/${id}/assign" with payload" is undefined

